
/home/runner/work/exp-cyk-algorithm-iiith/exp-cyk-algorithm-iiith/experiment/simulation/js/data.js
    6:7  warning  'cnf1' is assigned a value but never used  no-unused-vars
   63:7  warning  'cnf2' is assigned a value but never used  no-unused-vars
  107:7  warning  'cnf3' is assigned a value but never used  no-unused-vars

/home/runner/work/exp-cyk-algorithm-iiith/exp-cyk-algorithm-iiith/experiment/simulation/js/helper.js
    7:2   warning  'elem' is not defined                      no-undef
    9:4   warning  'elem' is not defined                      no-undef
   11:9   warning  'elem' is not defined                      no-undef
   14:10  warning  'newElement' is defined but never used     no-unused-vars
   15:2   warning  'elem' is not defined                      no-undef
   17:4   warning  'elem' is not defined                      no-undef
   19:9   warning  'elem' is not defined                      no-undef
   22:10  warning  'clearElem' is defined but never used      no-unused-vars
   29:10  warning  'displayCanvas' is defined but never used  no-unused-vars
   33:3   warning  'originX' is not defined                   no-undef
   34:3   warning  'originY' is not defined                   no-undef
   35:3   warning  'color' is not defined                     no-undef
   36:3   warning  'stroke_width' is not defined              no-undef
   37:3   warning  'fillColor' is not defined                 no-undef
   38:3   warning  'cellWidth' is not defined                 no-undef
   39:3   warning  'cellHeight' is not defined                no-undef
   41:7   warning  'i' is not defined                         no-undef
   41:13  warning  'i' is not defined                         no-undef
   41:61  warning  'i' is not defined                         no-undef
   42:9   warning  'j' is not defined                         no-undef
   42:15  warning  'j' is not defined                         no-undef
   42:19  warning  'i' is not defined                         no-undef
   42:25  warning  'j' is not defined                         no-undef
   46:7   warning  'x' is not defined                         no-undef
   46:11  warning  'originX' is not defined                   no-undef
   46:21  warning  'cellWidth' is not defined                 no-undef
   46:31  warning  'j' is not defined                         no-undef
   47:7   warning  'y' is not defined                         no-undef
   47:11  warning  'originY' is not defined                   no-undef
   47:21  warning  'cellHeight' is not defined                no-undef
   47:32  warning  'i' is not defined                         no-undef
   50:7   warning  'cell' is not defined                      no-undef
   51:40  warning  'i' is not defined                         no-undef
   51:46  warning  'j' is not defined                         no-undef
   52:15  warning  'x' is not defined                         no-undef
   53:15  warning  'y' is not defined                         no-undef
   54:19  warning  'cellWidth' is not defined                 no-undef
   55:20  warning  'cellHeight' is not defined                no-undef
   56:20  warning  'color' is not defined                     no-undef
   57:18  warning  'fillColor' is not defined                 no-undef
   58:26  warning  'stroke_width' is not defined              no-undef
   61:26  warning  'cell' is not defined                      no-undef
   64:10  warning  'j' is not defined                         no-undef
   65:9   warning  'text' is not defined                      no-undef
   66:25  warning  'i' is not defined                         no-undef
   67:17  warning  'x' is not defined                         no-undef
   68:17  warning  'y' is not defined                         no-undef
   68:19  warning  'cellHeight' is not defined                no-undef
   69:20  warning  'color' is not defined                     no-undef
   73:9   warning  'text' is not defined                      no-undef
   73:50  warning  'i' is not defined                         no-undef
   75:28  warning  'text' is not defined                      no-undef
   79:10  warning  'j' is not defined                         no-undef
   79:15  warning  'i' is not defined                         no-undef
   80:9   warning  'text' is not defined                      no-undef
   81:25  warning  'i' is not defined                         no-undef
   82:17  warning  'x' is not defined                         no-undef
   82:19  warning  'cellWidth' is not defined                 no-undef
   83:17  warning  'y' is not defined                         no-undef
   84:20  warning  'color' is not defined                     no-undef
   88:9   warning  'text' is not defined                      no-undef
   88:50  warning  'i' is not defined                         no-undef
   90:28  warning  'text' is not defined                      no-undef
   96:3   warning  'step' is not defined                      no-undef
   97:3   warning  'flag' is not defined                      no-undef
   99:7   warning  'i' is not defined                         no-undef
   99:13  warning  'i' is not defined                         no-undef
   99:59  warning  'i' is not defined                         no-undef
  100:9   warning  'j' is not defined                         no-undef
  100:15  warning  'j' is not defined                         no-undef
  100:61  warning  'i' is not defined                         no-undef
  100:65  warning  'j' is not defined                         no-undef
  101:27  warning  'j' is not defined                         no-undef
  101:29  warning  'i' is not defined                         no-undef
  101:32  warning  'j' is not defined                         no-undef
  101:45  warning  'i' is not defined                         no-undef
  101:48  warning  'j' is not defined                         no-undef
  103:10  warning  'step' is not defined                      no-undef
  104:9   warning  'flag' is not defined                      no-undef
  107:7   warning  'step' is not defined                      no-undef
  107:14  warning  'step' is not defined                      no-undef
  109:7   warning  'x' is not defined                         no-undef
  109:11  warning  'originX' is not defined                   no-undef
  109:21  warning  'cellWidth' is not defined                 no-undef
  109:31  warning  'j' is not defined                         no-undef
  110:7   warning  'y' is not defined                         no-undef
  110:11  warning  'originY' is not defined                   no-undef
  110:21  warning  'cellHeight' is not defined                no-undef
  110:33  warning  'j' is not defined                         no-undef
  110:35  warning  'i' is not defined                         no-undef
  112:7   warning  'text' is not defined                      no-undef
  113:24  warning  'i' is not defined                         no-undef
  113:30  warning  'j' is not defined                         no-undef
  114:15  warning  'x' is not defined                         no-undef
  114:17  warning  'cellWidth' is not defined                 no-undef
  115:15  warning  'y' is not defined                         no-undef
  115:17  warning  'cellHeight' is not defined                no-undef
  116:18  warning  'color' is not defined                     no-undef
  120:7   warning  'text' is not defined                      no-undef
  120:84  warning  'j' is not defined                         no-undef
  120:86  warning  'i' is not defined                         no-undef
  120:89  warning  'j' is not defined                         no-undef
  122:26  warning  'text' is not defined                      no-undef
  125:8   warning  'flag' is not defined                      no-undef

/home/runner/work/exp-cyk-algorithm-iiith/exp-cyk-algorithm-iiith/experiment/simulation/js/main.js
    6:1   warning  'width' is not defined                        no-undef
    7:1   warning  'height' is not defined                       no-undef
    8:1   warning  'radius' is not defined                       no-undef
   10:1   warning  'cnf' is not defined                          no-undef
   10:8   warning  'cnf1' is not defined                         no-undef
   10:14  warning  'cnf2' is not defined                         no-undef
   10:20  warning  'cnf3' is not defined                         no-undef
   11:1   warning  'cnfIndex' is not defined                     no-undef
   13:1   warning  'inputIndex' is not defined                   no-undef
   14:1   warning  'inputPointer' is not defined                 no-undef
   15:1   warning  'stepCounter' is not defined                  no-undef
   16:1   warning  'maxStep' is not defined                      no-undef
   18:1   warning  'nodes' is not defined                        no-undef
   19:1   warning  'edges' is not defined                        no-undef
   21:1   warning  'textColor' is not defined                    no-undef
   24:3   warning  'clearElem' is not defined                    no-undef
   24:13  warning  'canvas' is not defined                       no-undef
   26:3   warning  'curr' is not defined                         no-undef
   34:3   warning  'CNFDescriptionContainer' is not defined      no-undef
   35:3   warning  'clearElem' is not defined                    no-undef
   35:13  warning  'CNFDescriptionContainer' is not defined      no-undef
   36:3   warning  'span' is not defined                         no-undef
   36:10  warning  'newElement' is not defined                   no-undef
   36:67  warning  'textColor' is not defined                    no-undef
   37:3   warning  'text' is not defined                         no-undef
   37:34  warning  'cnf' is not defined                          no-undef
   37:38  warning  'cnfIndex' is not defined                     no-undef
   38:3   warning  'span' is not defined                         no-undef
   38:20  warning  'text' is not defined                         no-undef
   39:3   warning  'CNFDescriptionContainer' is not defined      no-undef
   39:39  warning  'text' is not defined                         no-undef
   41:3   warning  'res' is not defined                          no-undef
   41:9   warning  'displayCanvas' is not defined                no-undef
   41:23  warning  'canvas' is not defined                       no-undef
   41:31  warning  'cnf' is not defined                          no-undef
   41:35  warning  'cnfIndex' is not defined                     no-undef
   41:46  warning  'inputIndex' is not defined                   no-undef
   41:58  warning  'maxStep' is not defined                      no-undef
   41:67  warning  'stepCounter' is not defined                  no-undef
   48:3   warning  'inputIndex' is not defined                   no-undef
   49:3   warning  'inputPointer' is not defined                 no-undef
   50:3   warning  'stepCounter' is not defined                  no-undef
   56:3   warning  'inputContainer' is not defined               no-undef
   57:3   warning  'clearElem' is not defined                    no-undef
   57:13  warning  'inputContainer' is not defined               no-undef
   58:17  warning  'cnf' is not defined                          no-undef
   58:21  warning  'cnfIndex' is not defined                     no-undef
   58:40  warning  'inputIndex' is not defined                   no-undef
   63:5   warning  'inputCharacter' is not defined               no-undef
   63:22  warning  'cnf' is not defined                          no-undef
   63:26  warning  'cnfIndex' is not defined                     no-undef
   63:45  warning  'inputIndex' is not defined                   no-undef
   64:13  warning  'cnf' is not defined                          no-undef
   64:17  warning  'cnfIndex' is not defined                     no-undef
   64:36  warning  'inputIndex' is not defined                   no-undef
   67:5   warning  'text' is not defined                         no-undef
   67:36  warning  'inputCharacter' is not defined               no-undef
   69:5   warning  'inputContainer' is not defined               no-undef
   69:32  warning  'text' is not defined                         no-undef
   74:3   warning  'stack' is not defined                        no-undef
   75:3   warning  'clearElem' is not defined                    no-undef
   75:13  warning  'stack' is not defined                        no-undef
   79:3   warning  'stack' is not defined                        no-undef
   80:3   warning  'listElem' is not defined                     no-undef
   80:14  warning  'newElement' is not defined                   no-undef
   81:3   warning  'textNode' is not defined                     no-undef
   82:3   warning  'listElem' is not defined                     no-undef
   82:24  warning  'textNode' is not defined                     no-undef
   83:3   warning  'stack' is not defined                        no-undef
   83:21  warning  'listElem' is not defined                     no-undef
   88:3   warning  'stack' is not defined                        no-undef
   89:6   warning  'stack' is not defined                        no-undef
   90:5   warning  'stack' is not defined                        no-undef
   90:23  warning  'stack' is not defined                        no-undef
   95:3   warning  'CNFTransitionContainer' is not defined       no-undef
   97:3   warning  'clearElem' is not defined                    no-undef
   97:13  warning  'CNFTransitionContainer' is not defined       no-undef
   99:3   warning  'cnf' is not defined                          no-undef
   99:7   warning  'cnfIndex' is not defined                     no-undef
  103:7   warning  'text' is not defined                         no-undef
  105:9   warning  'text' is not defined                         no-undef
  105:16  warning  'text' is not defined                         no-undef
  107:11  warning  'text' is not defined                         no-undef
  107:18  warning  'text' is not defined                         no-undef
  110:7   warning  'transitionText' is not defined               no-undef
  110:48  warning  'text' is not defined                         no-undef
  111:7   warning  'transitionDiv' is not defined                no-undef
  111:23  warning  'newElement' is not defined                   no-undef
  112:7   warning  'transitionDiv' is not defined                no-undef
  112:33  warning  'transitionText' is not defined               no-undef
  113:7   warning  'CNFTransitionContainer' is not defined       no-undef
  113:42  warning  'transitionDiv' is not defined                no-undef
  118:3   warning  'inputLength' is not defined                  no-undef
  118:17  warning  'cnf' is not defined                          no-undef
  118:21  warning  'cnfIndex' is not defined                     no-undef
  118:40  warning  'inputIndex' is not defined                   no-undef
  119:3   warning  'maxStep' is not defined                      no-undef
  119:13  warning  'inputLength' is not defined                  no-undef
  119:26  warning  'inputLength' is not defined                  no-undef
  123:42  warning  'e' is defined but never used                 no-unused-vars
  124:3   warning  'canvas' is not defined                       no-undef
  133:3   warning  'changeCNF' is not defined                    no-undef
  134:3   warning  'changeCNF' is not defined                    no-undef
  134:48  warning  'e' is defined but never used                 no-unused-vars
  135:5   warning  'clearElem' is not defined                    no-undef
  135:15  warning  'canvas' is not defined                       no-undef
  136:5   warning  'cnfIndex' is not defined                     no-undef
  136:16  warning  'cnfIndex' is not defined                     no-undef
  137:8   warning  'cnfIndex' is not defined                     no-undef
  137:20  warning  'cnf' is not defined                          no-undef
  138:7   warning  'cnfIndex' is not defined                     no-undef
  148:3   warning  'changeInput' is not defined                  no-undef
  149:3   warning  'changeInput' is not defined                  no-undef
  149:50  warning  'e' is defined but never used                 no-unused-vars
  150:5   warning  'inputIndex' is not defined                   no-undef
  150:18  warning  'inputIndex' is not defined                   no-undef
  151:8   warning  'inputIndex' is not defined                   no-undef
  151:22  warning  'cnf' is not defined                          no-undef
  151:26  warning  'cnfIndex' is not defined                     no-undef
  152:7   warning  'inputIndex' is not defined                   no-undef
  154:5   warning  'inputPointer' is not defined                 no-undef
  155:5   warning  'stepCounter' is not defined                  no-undef
  163:3   warning  'next' is not defined                         no-undef
  164:3   warning  'next' is not defined                         no-undef
  164:43  warning  'e' is defined but never used                 no-unused-vars
  165:8   warning  'stepCounter' is not defined                  no-undef
  165:22  warning  'maxStep' is not defined                      no-undef
  166:9   warning  'stepCounter' is not defined                  no-undef
  170:10  warning  'stepCounter' is not defined                  no-undef
  171:9   warning  'tempCounter' is not defined                  no-undef
  172:9   warning  'tempFlag' is not defined                     no-undef
  173:9   warning  'currX' is not defined                        no-undef
  174:9   warning  'currY' is not defined                        no-undef
  175:13  warning  'i' is not defined                            no-undef
  175:19  warning  'i' is not defined                            no-undef
  175:21  warning  'cnf' is not defined                          no-undef
  175:25  warning  'cnfIndex' is not defined                     no-undef
  175:44  warning  'inputIndex' is not defined                   no-undef
  175:75  warning  'i' is not defined                            no-undef
  176:15  warning  'j' is not defined                            no-undef
  176:21  warning  'j' is not defined                            no-undef
  176:23  warning  'cnf' is not defined                          no-undef
  176:27  warning  'cnfIndex' is not defined                     no-undef
  176:46  warning  'inputIndex' is not defined                   no-undef
  176:77  warning  'i' is not defined                            no-undef
  176:81  warning  'j' is not defined                            no-undef
  178:13  warning  'currX' is not defined                        no-undef
  178:21  warning  'j' is not defined                            no-undef
  178:23  warning  'i' is not defined                            no-undef
  179:13  warning  'currY' is not defined                        no-undef
  179:21  warning  'j' is not defined                            no-undef
  181:15  warning  'tempCounter' is not defined                  no-undef
  182:16  warning  'tempCounter' is not defined                  no-undef
  182:31  warning  'stepCounter' is not defined                  no-undef
  184:27  warning  'i' is not defined                            no-undef
  184:30  warning  'j' is not defined                            no-undef
  184:33  warning  'currX' is not defined                        no-undef
  184:40  warning  'currY' is not defined                        no-undef
  186:15  warning  'tempFlag' is not defined                     no-undef
  191:14  warning  'tempFlag' is not defined                     no-undef
  196:9   warning  'str' is not defined                          no-undef
  196:41  warning  'currX' is not defined                        no-undef
  196:51  warning  'currY' is not defined                        no-undef
  198:20  warning  'str' is not defined                          no-undef
  239:3   warning  'prev' is not defined                         no-undef
  240:3   warning  'prev' is not defined                         no-undef
  240:43  warning  'e' is defined but never used                 no-unused-vars
  241:8   warning  'stepCounter' is not defined                  no-undef
  242:9   warning  'stepCounter' is not defined                  no-undef
  255:3   warning  'controlContainerDisplay' is not defined      no-undef
  256:3   warning  'instructionContainerDisplay' is not defined  no-undef
  257:3   warning  'traceContainerDisplay' is not defined        no-undef
  259:3   warning  'controlsToggle' is not defined               no-undef
  260:3   warning  'controlsToggle' is not defined               no-undef
  260:53  warning  'e' is defined but never used                 no-unused-vars
  262:5   warning  'controlContainer' is not defined             no-undef
  264:8   warning  'controlContainerDisplay' is not defined      no-undef
  265:7   warning  'controlContainer' is not defined             no-undef
  266:7   warning  'controlContainer' is not defined             no-undef
  267:7   warning  'controlContainerDisplay' is not defined      no-undef
  269:7   warning  'controlContainer' is not defined             no-undef
  270:7   warning  'controlContainer' is not defined             no-undef
  271:7   warning  'controlContainerDisplay' is not defined      no-undef
  276:3   warning  'instructionToggle' is not defined            no-undef
  277:3   warning  'instructionToggle' is not defined            no-undef
  277:56  warning  'e' is defined but never used                 no-unused-vars
  279:5   warning  'instructionContainer' is not defined         no-undef
  281:8   warning  'instructionContainerDisplay' is not defined  no-undef
  282:7   warning  'instructionContainer' is not defined         no-undef
  283:7   warning  'instructionContainer' is not defined         no-undef
  284:7   warning  'instructionContainerDisplay' is not defined  no-undef
  286:7   warning  'instructionContainer' is not defined         no-undef
  287:7   warning  'instructionContainer' is not defined         no-undef
  288:7   warning  'instructionContainerDisplay' is not defined  no-undef
  293:3   warning  'traceToggle' is not defined                  no-undef
  294:3   warning  'traceToggle' is not defined                  no-undef
  294:50  warning  'e' is defined but never used                 no-unused-vars
  296:5   warning  'traceContainer' is not defined               no-undef
  298:8   warning  'traceContainerDisplay' is not defined        no-undef
  299:7   warning  'traceContainer' is not defined               no-undef
  300:7   warning  'traceContainer' is not defined               no-undef
  301:7   warning  'traceContainerDisplay' is not defined        no-undef
  303:7   warning  'traceContainer' is not defined               no-undef
  304:7   warning  'traceContainer' is not defined               no-undef
  305:7   warning  'traceContainerDisplay' is not defined        no-undef

✖ 312 problems (0 errors, 312 warnings)

